BTEQ 15.10.01.01 Wed Jun 12 15:47:42 2019 PID: 15656
 
+---------+---------+---------+---------+---------+---------+---------+----
.LOGON 192.168.235.130/DBC,

 *** Logon successfully completed.
 *** Teradata Database Release is 15.00.01.01                   
 *** Teradata Database Version is 15.00.01.01                     
 *** Transaction Semantics are BTET.
 *** Session Character Set Name is 'ASCII'.
 
 *** Total elapsed time was 1 second.
 
+---------+---------+---------+---------+---------+---------+---------+----
DATABASE DP_RDM;

 *** New default database accepted. 
 *** Total elapsed time was 1 second.


+---------+---------+---------+---------+---------+---------+---------+----

--PERSON MODULE
CREATE MULTISET TABLE DP_RDM.Address AS DP_STG2.Address
WITH DATA;
 *** Total elapsed time was 1 second.

+---------+---------+---------+---------+---------+---------+---------+----

CREATE MULTISET TABLE DP_RDM.AddressType AS DP_STG2.AddressType
WITH DATA;
 *** Total elapsed time was 1 second.

+---------+---------+---------+---------+---------+---------+---------+----

CREATE MULTISET TABLE DP_RDM.BusinessEntityAddress AS DP_STG2.BusinessEntit
yAddress
WITH DATA;
 *** Total elapsed time was 1 second.

+---------+---------+---------+---------+---------+---------+---------+----

CREATE MULTISET TABLE DP_RDM.Passwords AS DP_STG2.Passwords
WITH DATA;
 *** Total elapsed time was 1 second.

+---------+---------+---------+---------+---------+---------+---------+----

CREATE MULTISET TABLE DP_RDM.BusinessEntity AS DP_STG2.BusinessEntity
WITH DATA;
 *** Total elapsed time was 1 second.

+---------+---------+---------+---------+---------+---------+---------+----

CREATE MULTISET TABLE DP_RDM.CountryRegion AS DP_STG2.CountryRegion
WITH DATA;
 *** Total elapsed time was 1 second.

+---------+---------+---------+---------+---------+---------+---------+----

CREATE MULTISET TABLE DP_RDM.StateProvince AS DP_STG2.StateProvince
WITH DATA;
 *** Total elapsed time was 1 second.

+---------+---------+---------+---------+---------+---------+---------+----

CREATE MULTISET TABLE DP_RDM.EmailAddress AS DP_STG2.EmailAddress
WITH DATA;
 *** Total elapsed time was 1 second.

+---------+---------+---------+---------+---------+---------+---------+----

CREATE MULTISET TABLE DP_RDM.Person AS DP_STG2.Person
WITH DATA;
 *** Total elapsed time was 1 second.

+---------+---------+---------+---------+---------+---------+---------+----

CREATE MULTISET TABLE DP_RDM.PersonPhone AS DP_STG2.PersonPhone
WITH DATA;
 *** Total elapsed time was 1 second.

+---------+---------+---------+---------+---------+---------+---------+----

CREATE MULTISET TABLE DP_RDM.PhoneNumberType (
PhoneNumberType INTEGER,
Name1 VARCHAR(8)
)
UNIQUE PRIMARY INDEX (PhoneNumberType);
 *** Total elapsed time was 1 second.

+---------+---------+---------+---------+---------+---------+---------+----
INSERT INTO DP_RDM.PhoneNumberType
SELECT *
FROM DP_STG2.PhoneNumberType;
 *** Total elapsed time was 1 second.

+---------+---------+---------+---------+---------+---------+---------+----

--HR MODULE
CREATE MULTISET TABLE DP_RDM.Employee AS DP_STG2.Employee WITH DATA;
 *** Total elapsed time was 1 second.

+---------+---------+---------+---------+---------+---------+---------+----

CREATE MULTISET TABLE Dp_RDM.Department
(
            DepartmentID INTEGER ,
   DepartmentName VARCHAR(32),
   GroupName VARCHAR(32)
)

UNIQUE PRIMARY INDEX (DepartmentID);
 *** Total elapsed time was 1 second.

+---------+---------+---------+---------+---------+---------+---------+----
INSERT INTO DP_RDM.Department
Select *
From DP_STG2.Department;
 *** Total elapsed time was 1 second.

+---------+---------+---------+---------+---------+---------+---------+----

CREATE MULTISET TABLE DP_RDM.EmployeeDepartmentHistory AS DP_STG2.EmployeeD
epartmentHistory WITH DATA;
 *** Total elapsed time was 1 second.

+---------+---------+---------+---------+---------+---------+---------+----

CREATE MULTISET TABLE DP_RDM.Shift 
     (
      ShiftID INTEGER ,
      Name1 CHAR(8) CHARACTER SET LATIN NOT CASESPECIFIC,
      StartTime TIME(6),
      EndTime TIME(6))
UNIQUE PRIMARY INDEX ( ShiftID );
 *** Total elapsed time was 1 second.

+---------+---------+---------+---------+---------+---------+---------+----

INSERT INTO DP_RDM.Shift
Select *
FROM DP_STG2.Shift;
 *** Total elapsed time was 1 second.

+---------+---------+---------+---------+---------+---------+---------+----

--Product Module

CREATE MULTISET TABLE dp_rdm.TransactionHistory( 
TransactionID INTEGER,
ProductID INTEGER,
ReferenceOrderID INTEGER,
ReferenceOrderLineID SMALLINT,
TransactionDate DATE FORMAT 'MM/DD/YYYY',
TransactionType VARCHAR(8),
Quantity SMALLINT,
ActualCost DECIMAL(10,2)
)
PRIMARY INDEX ( TransactionID )
PARTITION BY RANGE_N(TransactionDate  BETWEEN DATE '2007-08-01' AND '2020-
07-31' EACH INTERVAL '1' DAY );
 *** Total elapsed time was 1 second.

+---------+---------+---------+---------+---------+---------+---------+----

INSERT INTO dp_rdm.TransactionHistory
SELECT * FROM  dp_stg2.TransactionHistory;

 *** Insert completed. 9039 rows added. 
 *** Total elapsed time was 1 second.


+---------+---------+---------+---------+---------+---------+---------+----


CREATE MULTISET TABLE DP_RDM.Culture 
AS dp_stg2.Culture
WITH DATA;
 *** Total elapsed time was 1 second.

+---------+---------+---------+---------+---------+---------+---------+----


CREATE MULTISET TABLE DP_RDM.Location 
AS dp_stg2.Location
WITH DATA;
 *** Total elapsed time was 1 second.

+---------+---------+---------+---------+---------+---------+---------+----


CREATE MULTISET TABLE DP_RDM.Product 
AS dp_stg2.Product
WITH DATA;
 *** Total elapsed time was 1 second.

+---------+---------+---------+---------+---------+---------+---------+----

CREATE MULTISET TABLE DP_RDM.ProductCostHistory 
AS dp_stg2.ProductCostHistory
WITH DATA;
 *** Total elapsed time was 1 second.

+---------+---------+---------+---------+---------+---------+---------+----


CREATE MULTISET TABLE DP_RDM.ProductDescription 
AS dp_stg2.ProductDescription
WITH DATA;
 *** Total elapsed time was 1 second.

+---------+---------+---------+---------+---------+---------+---------+----


CREATE MULTISET TABLE DP_RDM.ProductInventory 
AS dp_stg2.ProductInventory
WITH DATA;
 *** Total elapsed time was 1 second.

+---------+---------+---------+---------+---------+---------+---------+----


CREATE MULTISET TABLE DP_RDM.ProductListPriceHistory 
AS dp_stg2.ProductListPriceHistory
WITH DATA;
 *** Total elapsed time was 1 second.

+---------+---------+---------+---------+---------+---------+---------+----


CREATE MULTISET TABLE DP_RDM.ProductModel 
AS dp_stg2.ProductModel
WITH DATA;
 *** Total elapsed time was 1 second.

+---------+---------+---------+---------+---------+---------+---------+----


CREATE MULTISET TABLE DP_RDM.ProductModelProductDesctriptionCulture 
AS dp_stg2.ProductModelProductDesctriptionCulture
WITH DATA;
 *** Total elapsed time was 1 second.

+---------+---------+---------+---------+---------+---------+---------+----


CREATE MULTISET TABLE DP_RDM.WorkOrder
AS dp_stg2.WorkOrder
WITH DATA;
 *** Total elapsed time was 1 second.

+---------+---------+---------+---------+---------+---------+---------+----

CREATE MULTISET TABLE DP_RDM.WorkOrderRouting
AS dp_stg2.WorkOrderRouting
WITH DATA;
 *** Total elapsed time was 1 second.

+---------+---------+---------+---------+---------+---------+---------+----

CREATE MULTISET TABLE DP_RDM.UnitMeasure
AS dp_stg2.UnitMeasure
WITH DATA;
 *** Total elapsed time was 1 second.

+---------+---------+---------+---------+---------+---------+---------+----

CREATE MULTISET TABLE DP_RDM.ProductCategory 
AS dp_stg2.ProductCategory
WITH DATA;
 *** Total elapsed time was 1 second.

+---------+---------+---------+---------+---------+---------+---------+----

CREATE MULTISET TABLE DP_RDM.ProductSubcategory 
AS dp_stg2.ProductSubcategory
WITH DATA;
 *** Total elapsed time was 1 second.

+---------+---------+---------+---------+---------+---------+---------+----

CREATE MULTISET TABLE DP_RDM.ScrapReason
AS dp_stg2.ScrapReason
WITH DATA;
 *** Total elapsed time was 1 second.

+---------+---------+---------+---------+---------+---------+---------+----

CREATE MULTISET TABLE DP_RDM.BillofMaterials
AS dp_stg2.BillofMaterials
WITH DATA;
 *** Total elapsed time was 1 second.

+---------+---------+---------+---------+---------+---------+---------+----

--Person Module

CREATE MULTISET TABLE DP_RDM.Address AS DP_STG2.Address
WITH DATA;
 *** Total elapsed time was 1 second.

+---------+---------+---------+---------+---------+---------+---------+----

CREATE MULTISET TABLE DP_RDM.AddressType AS DP_STG2.AddressType
WITH DATA;
 *** Total elapsed time was 1 second.

+---------+---------+---------+---------+---------+---------+---------+----

CREATE MULTISET TABLE DP_RDM.BusinessEntityAddress AS DP_STG2.BusinessEntit
yAddress
WITH DATA;
 *** Total elapsed time was 1 second.

+---------+---------+---------+---------+---------+---------+---------+----

CREATE MULTISET TABLE DP_RDM.Passwords AS DP_STG2.Passwords
WITH DATA;
 *** Total elapsed time was 1 second.

+---------+---------+---------+---------+---------+---------+---------+----

CREATE MULTISET TABLE DP_RDM.BusinessEntity AS DP_STG2.BusinessEntity
WITH DATA;
 *** Total elapsed time was 1 second.

+---------+---------+---------+---------+---------+---------+---------+----

CREATE MULTISET TABLE DP_RDM.CountryRegion AS DP_STG2.CountryRegion
WITH DATA;
 *** Total elapsed time was 1 second.

+---------+---------+---------+---------+---------+---------+---------+----

CREATE MULTISET TABLE DP_RDM.StateProvince AS DP_STG2.StateProvince
WITH DATA;
 *** Total elapsed time was 1 second.

+---------+---------+---------+---------+---------+---------+---------+----

CREATE MULTISET TABLE DP_RDM.EmailAddress AS DP_STG2.EmailAddress
WITH DATA;
 *** Total elapsed time was 1 second.

+---------+---------+---------+---------+---------+---------+---------+----

CREATE MULTISET TABLE DP_RDM.Person AS DP_STG2.Person
WITH DATA;
 *** Total elapsed time was 1 second.

+---------+---------+---------+---------+---------+---------+---------+----

CREATE MULTISET TABLE DP_RDM.PersonPhone AS DP_STG2.PersonPhone
WITH DATA;
 *** Total elapsed time was 1 second.

+---------+---------+---------+---------+---------+---------+---------+----

CREATE MULTISET TABLE DP_RDM.PhoneNumberType (
PhoneNumberType INTEGER,
Name1 VARCHAR(8)
)
UNIQUE PRIMARY INDEX (PhoneNumberType);
 *** Total elapsed time was 1 second.

+---------+---------+---------+---------+---------+---------+---------+----
INSERT INTO DP_RDM.PhoneNumberType
SELECT *
FROM DP_STG2.PhoneNumberType;
 *** Total elapsed time was 1 second.

+---------+---------+---------+---------+---------+---------+---------+----

--Sales Module

CREATE MULTISET TABLE DP_RDM.ShoppingCartItem AS DP_STG2.ShoppingCartItem
WITH DATA;
 *** Total elapsed time was 1 second.

+---------+---------+---------+---------+---------+---------+---------+----

CREATE MULTISET TABLE DP_RDM.SpecialOffer AS DP_STG2.SpecialOffer
WITH DATA;
 *** Total elapsed time was 1 second.

+---------+---------+---------+---------+---------+---------+---------+----

CREATE MULTISET TABLE DP_RDM.SpecialOfferProduct AS DP_STG2.SpecialOfferPro
duct
WITH DATA;
 *** Total elapsed time was 1 second.

+---------+---------+---------+---------+---------+---------+---------+----

CREATE MULTISET TABLE DP_RDM.Store AS DP_STG2.Store
WITH DATA;
 *** Total elapsed time was 1 second.

+---------+---------+---------+---------+---------+---------+---------+----

CREATE MULTISET TABLE DP_RDM.SalesOrderHeaderSalesReason AS DP_STG2.SalesOr
derHeaderSalesReason
WITH DATA;
 *** Total elapsed time was 1 second.

+---------+---------+---------+---------+---------+---------+---------+----

CREATE MULTISET TABLE DP_RDM.SalesPerson AS DP_STG2.SalesPerson
WITH DATA;
 *** Total elapsed time was 1 second.

+---------+---------+---------+---------+---------+---------+---------+----

CREATE MULTISET TABLE DP_RDM.SalesPersonQuotaHistory AS DP_STG2.SalesPerson
QuotaHistory
WITH DATA;
 *** Total elapsed time was 1 second.

+---------+---------+---------+---------+---------+---------+---------+----


CREATE MULTISET TABLE DP_RDM.SalesReason AS DP_STG2.SalesReason
WITH DATA;
 *** Total elapsed time was 1 second.

+---------+---------+---------+---------+---------+---------+---------+----

CREATE MULTISET TABLE DP_RDM.SalesTaxRate AS DP_STG2.SalesTaxRate
WITH DATA;
 *** Total elapsed time was 1 second.

+---------+---------+---------+---------+---------+---------+---------+----


CREATE MULTISET TABLE DP_RDM.SalesTerritory AS DP_STG2.SalesTerritory
WITH DATA;
 *** Total elapsed time was 1 second.

+---------+---------+---------+---------+---------+---------+---------+----

CREATE MULTISET TABLE DP_RDM.SalesTerritoryHistory AS DP_STG2.SalesTerritor
yHistory
WITH DATA;
 *** Total elapsed time was 1 second.

+---------+---------+---------+---------+---------+---------+---------+----

CREATE MULTISET TABLE DP_RDM.Currency AS DP_STG2.Currency
WITH DATA;
 *** Total elapsed time was 1 second.

+---------+---------+---------+---------+---------+---------+---------+----

CREATE MULTISET TABLE DP_RDM.CurrencyRate AS DP_STG2.CurrencyRate
WITH DATA;
 *** Total elapsed time was 1 second.

+---------+---------+---------+---------+---------+---------+---------+----

CREATE MULTISET TABLE DP_RDM.Customer AS DP_STG2.Customer
WITH DATA;
 *** Total elapsed time was 1 second.

+---------+---------+---------+---------+---------+---------+---------+----

CREATE MULTISET TABLE DP_RDM.CreditCard AS DP_STG2.CreditCard
WITH DATA;
 *** Total elapsed time was 1 second.

+---------+---------+---------+---------+---------+---------+---------+----

CREATE MULTISET TABLE DP_RDM.PersonCreditCard AS DP_STG2.PersonCreditCard
WITH DATA;
 *** Total elapsed time was 1 second.

+---------+---------+---------+---------+---------+---------+---------+----

CREATE MULTISET TABLE DP_RDM.SalesOrderHeader AS DP_STG2.SalesOrderHeader
WITH DATA
PRIMARY INDEX(SalesOrderID) 
PARTITION BY RANGE_N  (
   OrderDate BETWEEN DATE '2000-01-01' AND '2019-12-31' EACH INTERVAL '1' 
MONTH);
 *** Total elapsed time was 1 second.

+---------+---------+---------+---------+---------+---------+---------+----

CREATE MULTISET TABLE DP_RDM.SalesOrderDetail AS DP_STG2.SalesOrderDetail
WITH DATA
PRIMARY INDEX(SalesOrderID) 
PARTITION BY ProductID;
 *** Total elapsed time was 1 second.

+---------+---------+---------+---------+---------+---------+---------+----

.LOGOFF
 *** You are now logged off from the DBC.
 *** BTEQ exiting due to EOF on stdin.
 *** Exiting BTEQ...
 *** RC (return code) = 8 
